Release 14.4 Map P.49d (nt64)
Xilinx Mapping Report File for Design 'dtmf_top'

Design Information
------------------
Command Line   : map -intstyle ise -p xc6slx4l-tqg144-1L -w -logic_opt off -ol
high -t 1 -xt 0 -register_duplication off -r 4 -global_opt off -mt off -ir off
-pr off -lc off -power off -o dtmf_top_map.ncd dtmf_top.ngd dtmf_top.pcf 
Target Device  : xc6slx4l
Target Package : tqg144
Target Speed   : -1l
Mapper Version : spartan6l -- $Revision: 1.55 $
Mapped Date    : Fri Jan 24 13:05:56 2014

Design Summary
--------------
Number of errors   :   1
Number of warnings :   0

Section 1 - Errors
------------------
ERROR:Security:8 - A feature for ISE was found but is expired.
ERROR:Security:9c - No 'ISE' nor 'WebPack' feature version 2012.12 was available
for part 'xc6slx4l'.
ERROR:Map:258 - A problem was encountered attempting to get the license for this
   architecture. 

Section 2 - Warnings
--------------------

Section 3 - Informational
-------------------------
INFO:Security:54 - 'xc6slx4l' is a WebPack part.
INFO:Security:61 - The XILINXD_LICENSE_FILE environment variable is not set.
INFO:Security:62 - The LM_LICENSE_FILE environment variable is set to
'11BEAN6M2MJXSWSEXMNDG2EBA'.
INFO:Security:68 - For more information or for assistance in obtaining 
INFO:Security:68a - user is Sergio Penavades, on host WIN-MGDTOADMBTR.
