ISim log file
Running: C:\Users\Sergio Penavades\VHDL\dsedfinal\tb_dtmf_top_isim_beh.exe -intstyle ise -gui -tclbatch isim.cmd -wdb C:/Users/Sergio Penavades/VHDL/dsedfinal/tb_dtmf_top_isim_beh.wdb 
ISim P.49d (signature 0x7708f090)
----------------------------------------------------------------------
INFO:Security:61 - The XILINXD_LICENSE_FILE environment variable is not set.
INFO:Security:62 - The LM_LICENSE_FILE environment variable is set to '11BEAN6M2MJXSWSEXMNDG2EBA'.
INFO:Security:68 - For more information or for assistance in obtaining 
 a license, please run the Xilinx License Configuration Manager
       (xlcm or "Manage Xilinx Licenses".)
INFO:Security:68a - user is Sergio Penavades, on host WIN-MGDTOADMBTR.
ERROR:Security:13 - A feature for ISIM was found but is expired.
ERROR:Security:14 - No feature was available for 'ISIM'.

Feature has expired.
Feature:       ISIM
Expire date:   06-jul-2013
License path:  C:/.Xilinx\Xilinx.lic;C:\Xilinx\14.4\ISE_DS\ISE\/coregen/core_licenses\Xilinx.lic;C:\Xilinx\14.4\ISE_DS\ISE\/coregen/core_licenses\XilinxFree.lic;C:\Xilinx\14.4\ISE_DS\EDK/data/core_licenses\Xilinx.lic;11BEAN6M2MJXSWSEXMNDG2EBA;
FLEXnet Licensing error:-10,32
For further information, refer to the FLEXnet Licensing documentation,
available at "www.acresso.com".
----------------------------------------------------------------------
WARNING: A full ISim License cannot be checked out due to the issues listed above. Please use Xilinx License Configuration Manager to fix these issues in order to check out a full ISim license.
WARNING: ISim will run in Lite mode. Please refer to the ISim documentation for more information on the differences between the Lite and the Full version.
This is a Lite version of ISim.
Time resolution is 1 ps
# onerror resume
# wave add /
# run 1000 ns
Simulator is doing circuit initialization process.
Finished circuit initialization process.
# restart
# run 2.5s
Simulator is doing circuit initialization process.
Finished circuit initialization process.
at 62500 ns(1), Instance /tb_dtmf_top/uut/maquina/ : Warning: NUMERIC_STD."=": metavalue detected, returning FALSE
at 187500 ns(1), Instance /tb_dtmf_top/uut/maquina/ : Warning: NUMERIC_STD."=": metavalue detected, returning FALSE
at 312500 ns(1), Instance /tb_dtmf_top/uut/maquina/ : Warning: NUMERIC_STD."/=": metavalue detected, returning TRUE
at 437500 ns(1), Instance /tb_dtmf_top/uut/maquina/ : Warning: NUMERIC_STD."/=": metavalue detected, returning TRUE
at 562500 ns(1), Instance /tb_dtmf_top/uut/maquina/ : Warning: NUMERIC_STD."/=": metavalue detected, returning TRUE
at 687500 ns(1), Instance /tb_dtmf_top/uut/maquina/ : Warning: NUMERIC_STD."/=": metavalue detected, returning TRUE
at 812500 ns(1), Instance /tb_dtmf_top/uut/maquina/ : Warning: NUMERIC_STD."/=": metavalue detected, returning TRUE
at 937500 ns(1), Instance /tb_dtmf_top/uut/maquina/ : Warning: NUMERIC_STD."/=": metavalue detected, returning TRUE
at 1062500 ns(1), Instance /tb_dtmf_top/uut/maquina/ : Warning: NUMERIC_STD."/=": metavalue detected, returning TRUE
at 1187500 ns(1), Instance /tb_dtmf_top/uut/maquina/ : Warning: NUMERIC_STD."/=": metavalue detected, returning TRUE
at 1312500 ns(1), Instance /tb_dtmf_top/uut/maquina/ : Warning: NUMERIC_STD."/=": metavalue detected, returning TRUE
at 1437500 ns(1), Instance /tb_dtmf_top/uut/maquina/ : Warning: NUMERIC_STD."/=": metavalue detected, returning TRUE
at 1562500 ns(1), Instance /tb_dtmf_top/uut/maquina/ : Warning: NUMERIC_STD."/=": metavalue detected, returning TRUE
at 1687500 ns(1), Instance /tb_dtmf_top/uut/maquina/ : Warning: NUMERIC_STD."/=": metavalue detected, returning TRUE
at 1812500 ns(1), Instance /tb_dtmf_top/uut/maquina/ : Warning: NUMERIC_STD."/=": metavalue detected, returning TRUE
at 1937500 ns(1), Instance /tb_dtmf_top/uut/maquina/ : Warning: NUMERIC_STD."/=": metavalue detected, returning TRUE
at 2062500 ns(1), Instance /tb_dtmf_top/uut/maquina/ : Warning: NUMERIC_STD."/=": metavalue detected, returning TRUE
at 2187500 ns(1), Instance /tb_dtmf_top/uut/maquina/ : Warning: NUMERIC_STD."/=": metavalue detected, returning TRUE
at 2312500 ns(1), Instance /tb_dtmf_top/uut/maquina/ : Warning: NUMERIC_STD."/=": metavalue detected, returning TRUE
at 2437500 ns(1), Instance /tb_dtmf_top/uut/maquina/ : Warning: NUMERIC_STD."/=": metavalue detected, returning TRUE
at 2562500 ns(1), Instance /tb_dtmf_top/uut/maquina/ : Warning: NUMERIC_STD."/=": metavalue detected, returning TRUE
at 2687500 ns(1), Instance /tb_dtmf_top/uut/maquina/ : Warning: NUMERIC_STD."/=": metavalue detected, returning TRUE
at 2812500 ns(1), Instance /tb_dtmf_top/uut/maquina/ : Warning: NUMERIC_STD."/=": metavalue detected, returning TRUE
at 2937500 ns(1), Instance /tb_dtmf_top/uut/maquina/ : Warning: NUMERIC_STD."/=": metavalue detected, returning TRUE
at 3062500 ns(1), Instance /tb_dtmf_top/uut/maquina/ : Warning: NUMERIC_STD."/=": metavalue detected, returning TRUE
at 3187500 ns(1), Instance /tb_dtmf_top/uut/maquina/ : Warning: NUMERIC_STD."/=": metavalue detected, returning TRUE
at 3312500 ns(1), Instance /tb_dtmf_top/uut/maquina/ : Warning: NUMERIC_STD."/=": metavalue detected, returning TRUE
at 3437500 ns(1), Instance /tb_dtmf_top/uut/maquina/ : Warning: NUMERIC_STD."/=": metavalue detected, returning TRUE
at 3562500 ns(1), Instance /tb_dtmf_top/uut/maquina/ : Warning: NUMERIC_STD."/=": metavalue detected, returning TRUE
at 3687500 ns(1), Instance /tb_dtmf_top/uut/maquina/ : Warning: NUMERIC_STD."/=": metavalue detected, returning TRUE
at 3812500 ns(1), Instance /tb_dtmf_top/uut/maquina/ : Warning: NUMERIC_STD."/=": metavalue detected, returning TRUE
at 3937500 ns(1), Instance /tb_dtmf_top/uut/maquina/ : Warning: NUMERIC_STD."/=": metavalue detected, returning TRUE
at 4062500 ns(1), Instance /tb_dtmf_top/uut/maquina/ : Warning: NUMERIC_STD."/=": metavalue detected, returning TRUE
at 4187500 ns(1), Instance /tb_dtmf_top/uut/maquina/ : Warning: NUMERIC_STD."/=": metavalue detected, returning TRUE
at 4312500 ns(1), Instance /tb_dtmf_top/uut/maquina/ : Warning: NUMERIC_STD."/=": metavalue detected, returning TRUE
at 4437500 ns(1), Instance /tb_dtmf_top/uut/maquina/ : Warning: NUMERIC_STD."/=": metavalue detected, returning TRUE
at 4562500 ns(1), Instance /tb_dtmf_top/uut/maquina/ : Warning: NUMERIC_STD."/=": metavalue detected, returning TRUE
at 4687500 ns(1), Instance /tb_dtmf_top/uut/maquina/ : Warning: NUMERIC_STD."/=": metavalue detected, returning TRUE
at 4812500 ns(1), Instance /tb_dtmf_top/uut/maquina/ : Warning: NUMERIC_STD."/=": metavalue detected, returning TRUE
at 4937500 ns(1), Instance /tb_dtmf_top/uut/maquina/ : Warning: NUMERIC_STD."/=": metavalue detected, returning TRUE
at 5062500 ns(1), Instance /tb_dtmf_top/uut/maquina/ : Warning: NUMERIC_STD."/=": metavalue detected, returning TRUE
at 5187500 ns(1), Instance /tb_dtmf_top/uut/maquina/ : Warning: NUMERIC_STD."/=": metavalue detected, returning TRUE
at 5312500 ns(1), Instance /tb_dtmf_top/uut/maquina/ : Warning: NUMERIC_STD."/=": metavalue detected, returning TRUE
at 5437500 ns(1), Instance /tb_dtmf_top/uut/maquina/ : Warning: NUMERIC_STD."/=": metavalue detected, returning TRUE
at 5562500 ns(1), Instance /tb_dtmf_top/uut/maquina/ : Warning: NUMERIC_STD."/=": metavalue detected, returning TRUE
at 5687500 ns(1), Instance /tb_dtmf_top/uut/maquina/ : Warning: NUMERIC_STD."/=": metavalue detected, returning TRUE
at 5812500 ns(1), Instance /tb_dtmf_top/uut/maquina/ : Warning: NUMERIC_STD."/=": metavalue detected, returning TRUE
at 5937500 ns(1), Instance /tb_dtmf_top/uut/maquina/ : Warning: NUMERIC_STD."/=": metavalue detected, returning TRUE
at 6062500 ns(1), Instance /tb_dtmf_top/uut/maquina/ : Warning: NUMERIC_STD."/=": metavalue detected, returning TRUE
at 6187500 ns(1), Instance /tb_dtmf_top/uut/maquina/ : Warning: NUMERIC_STD."/=": metavalue detected, returning TRUE
at 6312500 ns(1), Instance /tb_dtmf_top/uut/maquina/ : Warning: NUMERIC_STD."/=": metavalue detected, returning TRUE
at 6437500 ns(1), Instance /tb_dtmf_top/uut/maquina/ : Warning: NUMERIC_STD."/=": metavalue detected, returning TRUE
at 6562500 ns(1), Instance /tb_dtmf_top/uut/maquina/ : Warning: NUMERIC_STD."/=": metavalue detected, returning TRUE
at 6687500 ns(1), Instance /tb_dtmf_top/uut/maquina/ : Warning: NUMERIC_STD."/=": metavalue detected, returning TRUE
at 6812500 ns(1), Instance /tb_dtmf_top/uut/maquina/ : Warning: NUMERIC_STD."/=": metavalue detected, returning TRUE
at 6937500 ns(1), Instance /tb_dtmf_top/uut/maquina/ : Warning: NUMERIC_STD."/=": metavalue detected, returning TRUE
at 7062500 ns(1), Instance /tb_dtmf_top/uut/maquina/ : Warning: NUMERIC_STD."/=": metavalue detected, returning TRUE
at 7187500 ns(1), Instance /tb_dtmf_top/uut/maquina/ : Warning: NUMERIC_STD."/=": metavalue detected, returning TRUE
at 7312500 ns(1), Instance /tb_dtmf_top/uut/maquina/ : Warning: NUMERIC_STD."/=": metavalue detected, returning TRUE
at 7437500 ns(1), Instance /tb_dtmf_top/uut/maquina/ : Warning: NUMERIC_STD."/=": metavalue detected, returning TRUE
at 7562500 ns(1), Instance /tb_dtmf_top/uut/maquina/ : Warning: NUMERIC_STD."/=": metavalue detected, returning TRUE
at 7687500 ns(1), Instance /tb_dtmf_top/uut/maquina/ : Warning: NUMERIC_STD."/=": metavalue detected, returning TRUE
at 7812500 ns(1), Instance /tb_dtmf_top/uut/maquina/ : Warning: NUMERIC_STD."/=": metavalue detected, returning TRUE
at 7937500 ns(1), Instance /tb_dtmf_top/uut/maquina/ : Warning: NUMERIC_STD."/=": metavalue detected, returning TRUE
at 8062500 ns(1), Instance /tb_dtmf_top/uut/maquina/ : Warning: NUMERIC_STD."/=": metavalue detected, returning TRUE
at 8187500 ns(1), Instance /tb_dtmf_top/uut/maquina/ : Warning: NUMERIC_STD."/=": metavalue detected, returning TRUE
at 8312500 ns(1), Instance /tb_dtmf_top/uut/maquina/ : Warning: NUMERIC_STD."/=": metavalue detected, returning TRUE
at 8437500 ns(1), Instance /tb_dtmf_top/uut/maquina/ : Warning: NUMERIC_STD."/=": metavalue detected, returning TRUE
at 8562500 ns(1), Instance /tb_dtmf_top/uut/maquina/ : Warning: NUMERIC_STD."/=": metavalue detected, returning TRUE
at 8687500 ns(1), Instance /tb_dtmf_top/uut/maquina/ : Warning: NUMERIC_STD."/=": metavalue detected, returning TRUE
at 8812500 ns(1), Instance /tb_dtmf_top/uut/maquina/ : Warning: NUMERIC_STD."/=": metavalue detected, returning TRUE
at 8937500 ns(1), Instance /tb_dtmf_top/uut/maquina/ : Warning: NUMERIC_STD."/=": metavalue detected, returning TRUE
at 9062500 ns(1), Instance /tb_dtmf_top/uut/maquina/ : Warning: NUMERIC_STD."/=": metavalue detected, returning TRUE
at 9187500 ns(1), Instance /tb_dtmf_top/uut/maquina/ : Warning: NUMERIC_STD."/=": metavalue detected, returning TRUE
at 9312500 ns(1), Instance /tb_dtmf_top/uut/maquina/ : Warning: NUMERIC_STD."/=": metavalue detected, returning TRUE
at 9437500 ns(1), Instance /tb_dtmf_top/uut/maquina/ : Warning: NUMERIC_STD."/=": metavalue detected, returning TRUE
at 9562500 ns(1), Instance /tb_dtmf_top/uut/maquina/ : Warning: NUMERIC_STD."/=": metavalue detected, returning TRUE
at 9687500 ns(1), Instance /tb_dtmf_top/uut/maquina/ : Warning: NUMERIC_STD."/=": metavalue detected, returning TRUE
at 9812500 ns(1), Instance /tb_dtmf_top/uut/maquina/ : Warning: NUMERIC_STD."/=": metavalue detected, returning TRUE
at 9937500 ns(1), Instance /tb_dtmf_top/uut/maquina/ : Warning: NUMERIC_STD."/=": metavalue detected, returning TRUE
at 10062500 ns(1), Instance /tb_dtmf_top/uut/maquina/ : Warning: NUMERIC_STD."/=": metavalue detected, returning TRUE
at 10187500 ns(1), Instance /tb_dtmf_top/uut/maquina/ : Warning: NUMERIC_STD."/=": metavalue detected, returning TRUE
at 10312500 ns(1), Instance /tb_dtmf_top/uut/maquina/ : Warning: NUMERIC_STD."=": metavalue detected, returning FALSE
at 10437500 ns(1), Instance /tb_dtmf_top/uut/maquina/ : Warning: NUMERIC_STD."=": metavalue detected, returning FALSE
at 10562500 ns(1), Instance /tb_dtmf_top/uut/maquina/ : Warning: NUMERIC_STD."/=": metavalue detected, returning TRUE
at 10687500 ns(1), Instance /tb_dtmf_top/uut/maquina/ : Warning: NUMERIC_STD."/=": metavalue detected, returning TRUE
at 10812500 ns(1), Instance /tb_dtmf_top/uut/maquina/ : Warning: NUMERIC_STD."/=": metavalue detected, returning TRUE
at 10937500 ns(1), Instance /tb_dtmf_top/uut/maquina/ : Warning: NUMERIC_STD."/=": metavalue detected, returning TRUE
at 11062500 ns(1), Instance /tb_dtmf_top/uut/maquina/ : Warning: NUMERIC_STD."/=": metavalue detected, returning TRUE
at 11187500 ns(1), Instance /tb_dtmf_top/uut/maquina/ : Warning: NUMERIC_STD."/=": metavalue detected, returning TRUE
at 11312500 ns(1), Instance /tb_dtmf_top/uut/maquina/ : Warning: NUMERIC_STD."/=": metavalue detected, returning TRUE
at 11437500 ns(1), Instance /tb_dtmf_top/uut/maquina/ : Warning: NUMERIC_STD."/=": metavalue detected, returning TRUE
at 11562500 ns(1), Instance /tb_dtmf_top/uut/maquina/ : Warning: NUMERIC_STD."/=": metavalue detected, returning TRUE
at 11687500 ns(1), Instance /tb_dtmf_top/uut/maquina/ : Warning: NUMERIC_STD."/=": metavalue detected, returning TRUE
at 11812500 ns(1), Instance /tb_dtmf_top/uut/maquina/ : Warning: NUMERIC_STD."/=": metavalue detected, returning TRUE
at 11937500 ns(1), Instance /tb_dtmf_top/uut/maquina/ : Warning: NUMERIC_STD."/=": metavalue detected, returning TRUE
at 12062500 ns(1), Instance /tb_dtmf_top/uut/maquina/ : Warning: NUMERIC_STD."/=": metavalue detected, returning TRUE
at 12187500 ns(1), Instance /tb_dtmf_top/uut/maquina/ : Warning: NUMERIC_STD."/=": metavalue detected, returning TRUE
at 12312500 ns(1), Instance /tb_dtmf_top/uut/maquina/ : Warning: NUMERIC_STD."/=": metavalue detected, returning TRUE
at 12437500 ns(1), Instance /tb_dtmf_top/uut/maquina/ : Warning: NUMERIC_STD."/=": metavalue detected, returning TRUE
at 12562500 ns(1), Instance /tb_dtmf_top/uut/maquina/ : Warning: NUMERIC_STD."/=": metavalue detected, returning TRUE
at 12687500 ns(1), Instance /tb_dtmf_top/uut/maquina/ : Warning: NUMERIC_STD."/=": metavalue detected, returning TRUE
at 12812500 ns(1), Instance /tb_dtmf_top/uut/maquina/ : Warning: NUMERIC_STD."/=": metavalue detected, returning TRUE
at 12937500 ns(1), Instance /tb_dtmf_top/uut/maquina/ : Warning: NUMERIC_STD."/=": metavalue detected, returning TRUE
at 13062500 ns(1), Instance /tb_dtmf_top/uut/maquina/ : Warning: NUMERIC_STD."/=": metavalue detected, returning TRUE
at 13187500 ns(1), Instance /tb_dtmf_top/uut/maquina/ : Warning: NUMERIC_STD."/=": metavalue detected, returning TRUE
at 13312500 ns(1), Instance /tb_dtmf_top/uut/maquina/ : Warning: NUMERIC_STD."/=": metavalue detected, returning TRUE
at 13437500 ns(1), Instance /tb_dtmf_top/uut/maquina/ : Warning: NUMERIC_STD."/=": metavalue detected, returning TRUE
at 13562500 ns(1), Instance /tb_dtmf_top/uut/maquina/ : Warning: NUMERIC_STD."/=": metavalue detected, returning TRUE
at 13687500 ns(1), Instance /tb_dtmf_top/uut/maquina/ : Warning: NUMERIC_STD."/=": metavalue detected, returning TRUE
at 13812500 ns(1), Instance /tb_dtmf_top/uut/maquina/ : Warning: NUMERIC_STD."/=": metavalue detected, returning TRUE
at 13937500 ns(1), Instance /tb_dtmf_top/uut/maquina/ : Warning: NUMERIC_STD."/=": metavalue detected, returning TRUE
at 14062500 ns(1), Instance /tb_dtmf_top/uut/maquina/ : Warning: NUMERIC_STD."/=": metavalue detected, returning TRUE
at 14187500 ns(1), Instance /tb_dtmf_top/uut/maquina/ : Warning: NUMERIC_STD."/=": metavalue detected, returning TRUE
at 14312500 ns(1), Instance /tb_dtmf_top/uut/maquina/ : Warning: NUMERIC_STD."/=": metavalue detected, returning TRUE
at 14437500 ns(1), Instance /tb_dtmf_top/uut/maquina/ : Warning: NUMERIC_STD."/=": metavalue detected, returning TRUE
at 14562500 ns(1), Instance /tb_dtmf_top/uut/maquina/ : Warning: NUMERIC_STD."/=": metavalue detected, returning TRUE
at 14687500 ns(1), Instance /tb_dtmf_top/uut/maquina/ : Warning: NUMERIC_STD."/=": metavalue detected, returning TRUE
at 14812500 ns(1), Instance /tb_dtmf_top/uut/maquina/ : Warning: NUMERIC_STD."/=": metavalue detected, returning TRUE
at 14937500 ns(1), Instance /tb_dtmf_top/uut/maquina/ : Warning: NUMERIC_STD."/=": metavalue detected, returning TRUE
at 15062500 ns(1), Instance /tb_dtmf_top/uut/maquina/ : Warning: NUMERIC_STD."/=": metavalue detected, returning TRUE
at 15187500 ns(1), Instance /tb_dtmf_top/uut/maquina/ : Warning: NUMERIC_STD."/=": metavalue detected, returning TRUE
at 15312500 ns(1), Instance /tb_dtmf_top/uut/maquina/ : Warning: NUMERIC_STD."/=": metavalue detected, returning TRUE
at 15437500 ns(1), Instance /tb_dtmf_top/uut/maquina/ : Warning: NUMERIC_STD."/=": metavalue detected, returning TRUE
at 15562500 ns(1), Instance /tb_dtmf_top/uut/maquina/ : Warning: NUMERIC_STD."/=": metavalue detected, returning TRUE
at 15687500 ns(1), Instance /tb_dtmf_top/uut/maquina/ : Warning: NUMERIC_STD."/=": metavalue detected, returning TRUE
at 15812500 ns(1), Instance /tb_dtmf_top/uut/maquina/ : Warning: NUMERIC_STD."/=": metavalue detected, returning TRUE
at 15937500 ns(1), Instance /tb_dtmf_top/uut/maquina/ : Warning: NUMERIC_STD."/=": metavalue detected, returning TRUE
at 16062500 ns(1), Instance /tb_dtmf_top/uut/maquina/ : Warning: NUMERIC_STD."/=": metavalue detected, returning TRUE
at 16187500 ns(1), Instance /tb_dtmf_top/uut/maquina/ : Warning: NUMERIC_STD."/=": metavalue detected, returning TRUE
at 16312500 ns(1), Instance /tb_dtmf_top/uut/maquina/ : Warning: NUMERIC_STD."/=": metavalue detected, returning TRUE
at 16437500 ns(1), Instance /tb_dtmf_top/uut/maquina/ : Warning: NUMERIC_STD."/=": metavalue detected, returning TRUE
at 16562500 ns(1), Instance /tb_dtmf_top/uut/maquina/ : Warning: NUMERIC_STD."/=": metavalue detected, returning TRUE
at 16687500 ns(1), Instance /tb_dtmf_top/uut/maquina/ : Warning: NUMERIC_STD."/=": metavalue detected, returning TRUE
at 16812500 ns(1), Instance /tb_dtmf_top/uut/maquina/ : Warning: NUMERIC_STD."/=": metavalue detected, returning TRUE
at 16937500 ns(1), Instance /tb_dtmf_top/uut/maquina/ : Warning: NUMERIC_STD."/=": metavalue detected, returning TRUE
at 17062500 ns(1), Instance /tb_dtmf_top/uut/maquina/ : Warning: NUMERIC_STD."/=": metavalue detected, returning TRUE
at 17187500 ns(1), Instance /tb_dtmf_top/uut/maquina/ : Warning: NUMERIC_STD."/=": metavalue detected, returning TRUE
at 17312500 ns(1), Instance /tb_dtmf_top/uut/maquina/ : Warning: NUMERIC_STD."/=": metavalue detected, returning TRUE
at 17437500 ns(1), Instance /tb_dtmf_top/uut/maquina/ : Warning: NUMERIC_STD."/=": metavalue detected, returning TRUE
at 17562500 ns(1), Instance /tb_dtmf_top/uut/maquina/ : Warning: NUMERIC_STD."/=": metavalue detected, returning TRUE
at 17687500 ns(1), Instance /tb_dtmf_top/uut/maquina/ : Warning: NUMERIC_STD."/=": metavalue detected, returning TRUE
at 17812500 ns(1), Instance /tb_dtmf_top/uut/maquina/ : Warning: NUMERIC_STD."/=": metavalue detected, returning TRUE
at 17937500 ns(1), Instance /tb_dtmf_top/uut/maquina/ : Warning: NUMERIC_STD."/=": metavalue detected, returning TRUE
at 18062500 ns(1), Instance /tb_dtmf_top/uut/maquina/ : Warning: NUMERIC_STD."/=": metavalue detected, returning TRUE
at 18187500 ns(1), Instance /tb_dtmf_top/uut/maquina/ : Warning: NUMERIC_STD."/=": metavalue detected, returning TRUE
at 18312500 ns(1), Instance /tb_dtmf_top/uut/maquina/ : Warning: NUMERIC_STD."/=": metavalue detected, returning TRUE
at 18437500 ns(1), Instance /tb_dtmf_top/uut/maquina/ : Warning: NUMERIC_STD."/=": metavalue detected, returning TRUE
at 18562500 ns(1), Instance /tb_dtmf_top/uut/maquina/ : Warning: NUMERIC_STD."/=": metavalue detected, returning TRUE
at 18687500 ns(1), Instance /tb_dtmf_top/uut/maquina/ : Warning: NUMERIC_STD."/=": metavalue detected, returning TRUE
at 18812500 ns(1), Instance /tb_dtmf_top/uut/maquina/ : Warning: NUMERIC_STD."/=": metavalue detected, returning TRUE
at 18937500 ns(1), Instance /tb_dtmf_top/uut/maquina/ : Warning: NUMERIC_STD."/=": metavalue detected, returning TRUE
at 19062500 ns(1), Instance /tb_dtmf_top/uut/maquina/ : Warning: NUMERIC_STD."/=": metavalue detected, returning TRUE
at 19187500 ns(1), Instance /tb_dtmf_top/uut/maquina/ : Warning: NUMERIC_STD."/=": metavalue detected, returning TRUE
at 19312500 ns(1), Instance /tb_dtmf_top/uut/maquina/ : Warning: NUMERIC_STD."/=": metavalue detected, returning TRUE
at 19437500 ns(1), Instance /tb_dtmf_top/uut/maquina/ : Warning: NUMERIC_STD."/=": metavalue detected, returning TRUE
at 19562500 ns(1), Instance /tb_dtmf_top/uut/maquina/ : Warning: NUMERIC_STD."/=": metavalue detected, returning TRUE
at 19687500 ns(1), Instance /tb_dtmf_top/uut/maquina/ : Warning: NUMERIC_STD."/=": metavalue detected, returning TRUE
at 19812500 ns(1), Instance /tb_dtmf_top/uut/maquina/ : Warning: NUMERIC_STD."/=": metavalue detected, returning TRUE
at 19937500 ns(1), Instance /tb_dtmf_top/uut/maquina/ : Warning: NUMERIC_STD."/=": metavalue detected, returning TRUE
at 20062500 ns(1), Instance /tb_dtmf_top/uut/maquina/ : Warning: NUMERIC_STD."/=": metavalue detected, returning TRUE
at 20187500 ns(1), Instance /tb_dtmf_top/uut/maquina/ : Warning: NUMERIC_STD."/=": metavalue detected, returning TRUE
at 20312500 ns(1), Instance /tb_dtmf_top/uut/maquina/ : Warning: NUMERIC_STD."/=": metavalue detected, returning TRUE
at 20437500 ns(1), Instance /tb_dtmf_top/uut/maquina/ : Warning: NUMERIC_STD."/=": metavalue detected, returning TRUE
at 20562500 ns(1), Instance /tb_dtmf_top/uut/maquina/ : Warning: NUMERIC_STD."=": metavalue detected, returning FALSE
at 20687500 ns(1), Instance /tb_dtmf_top/uut/maquina/ : Warning: NUMERIC_STD."=": metavalue detected, returning FALSE
at 20812500 ns(1), Instance /tb_dtmf_top/uut/maquina/ : Warning: NUMERIC_STD."/=": metavalue detected, returning TRUE
at 20937500 ns(1), Instance /tb_dtmf_top/uut/maquina/ : Warning: NUMERIC_STD."/=": metavalue detected, returning TRUE
at 21062500 ns(1), Instance /tb_dtmf_top/uut/maquina/ : Warning: NUMERIC_STD."/=": metavalue detected, returning TRUE
at 21187500 ns(1), Instance /tb_dtmf_top/uut/maquina/ : Warning: NUMERIC_STD."/=": metavalue detected, returning TRUE
at 21312500 ns(1), Instance /tb_dtmf_top/uut/maquina/ : Warning: NUMERIC_STD."/=": metavalue detected, returning TRUE
at 21437500 ns(1), Instance /tb_dtmf_top/uut/maquina/ : Warning: NUMERIC_STD."/=": metavalue detected, returning TRUE
at 21562500 ns(1), Instance /tb_dtmf_top/uut/maquina/ : Warning: NUMERIC_STD."/=": metavalue detected, returning TRUE
at 21687500 ns(1), Instance /tb_dtmf_top/uut/maquina/ : Warning: NUMERIC_STD."/=": metavalue detected, returning TRUE
at 21812500 ns(1), Instance /tb_dtmf_top/uut/maquina/ : Warning: NUMERIC_STD."/=": metavalue detected, returning TRUE
at 21937500 ns(1), Instance /tb_dtmf_top/uut/maquina/ : Warning: NUMERIC_STD."/=": metavalue detected, returning TRUE
at 22062500 ns(1), Instance /tb_dtmf_top/uut/maquina/ : Warning: NUMERIC_STD."/=": metavalue detected, returning TRUE
at 22187500 ns(1), Instance /tb_dtmf_top/uut/maquina/ : Warning: NUMERIC_STD."/=": metavalue detected, returning TRUE
at 22312500 ns(1), Instance /tb_dtmf_top/uut/maquina/ : Warning: NUMERIC_STD."/=": metavalue detected, returning TRUE
at 22437500 ns(1), Instance /tb_dtmf_top/uut/maquina/ : Warning: NUMERIC_STD."/=": metavalue detected, returning TRUE
at 22562500 ns(1), Instance /tb_dtmf_top/uut/maquina/ : Warning: NUMERIC_STD."/=": metavalue detected, returning TRUE
at 22687500 ns(1), Instance /tb_dtmf_top/uut/maquina/ : Warning: NUMERIC_STD."/=": metavalue detected, returning TRUE
at 22812500 ns(1), Instance /tb_dtmf_top/uut/maquina/ : Warning: NUMERIC_STD."/=": metavalue detected, returning TRUE
at 22937500 ns(1), Instance /tb_dtmf_top/uut/maquina/ : Warning: NUMERIC_STD."/=": metavalue detected, returning TRUE
at 23062500 ns(1), Instance /tb_dtmf_top/uut/maquina/ : Warning: NUMERIC_STD."/=": metavalue detected, returning TRUE
at 23187500 ns(1), Instance /tb_dtmf_top/uut/maquina/ : Warning: NUMERIC_STD."/=": metavalue detected, returning TRUE
at 23312500 ns(1), Instance /tb_dtmf_top/uut/maquina/ : Warning: NUMERIC_STD."/=": metavalue detected, returning TRUE
at 23437500 ns(1), Instance /tb_dtmf_top/uut/maquina/ : Warning: NUMERIC_STD."/=": metavalue detected, returning TRUE
at 23562500 ns(1), Instance /tb_dtmf_top/uut/maquina/ : Warning: NUMERIC_STD."/=": metavalue detected, returning TRUE
at 23687500 ns(1), Instance /tb_dtmf_top/uut/maquina/ : Warning: NUMERIC_STD."/=": metavalue detected, returning TRUE
at 23812500 ns(1), Instance /tb_dtmf_top/uut/maquina/ : Warning: NUMERIC_STD."/=": metavalue detected, returning TRUE
at 23937500 ns(1), Instance /tb_dtmf_top/uut/maquina/ : Warning: NUMERIC_STD."/=": metavalue detected, returning TRUE
at 24062500 ns(1), Instance /tb_dtmf_top/uut/maquina/ : Warning: NUMERIC_STD."/=": metavalue detected, returning TRUE
at 24187500 ns(1), Instance /tb_dtmf_top/uut/maquina/ : Warning: NUMERIC_STD."/=": metavalue detected, returning TRUE
at 24312500 ns(1), Instance /tb_dtmf_top/uut/maquina/ : Warning: NUMERIC_STD."/=": metavalue detected, returning TRUE
at 24437500 ns(1), Instance /tb_dtmf_top/uut/maquina/ : Warning: NUMERIC_STD."/=": metavalue detected, returning TRUE
at 24562500 ns(1), Instance /tb_dtmf_top/uut/maquina/ : Warning: NUMERIC_STD."/=": metavalue detected, returning TRUE
at 24687500 ns(1), Instance /tb_dtmf_top/uut/maquina/ : Warning: NUMERIC_STD."/=": metavalue detected, returning TRUE
at 24812500 ns(1), Instance /tb_dtmf_top/uut/maquina/ : Warning: NUMERIC_STD."/=": metavalue detected, returning TRUE
at 24937500 ns(1), Instance /tb_dtmf_top/uut/maquina/ : Warning: NUMERIC_STD."/=": metavalue detected, returning TRUE
at 25062500 ns(1), Instance /tb_dtmf_top/uut/maquina/ : Warning: NUMERIC_STD."/=": metavalue detected, returning TRUE
at 25187500 ns(1), Instance /tb_dtmf_top/uut/maquina/ : Warning: NUMERIC_STD."/=": metavalue detected, returning TRUE
at 25312500 ns(1), Instance /tb_dtmf_top/uut/maquina/ : Warning: NUMERIC_STD."/=": metavalue detected, returning TRUE
at 25437500 ns(1), Instance /tb_dtmf_top/uut/maquina/ : Warning: NUMERIC_STD."/=": metavalue detected, returning TRUE
at 25562500 ns(1), Instance /tb_dtmf_top/uut/maquina/ : Warning: NUMERIC_STD."/=": metavalue detected, returning TRUE
at 25687500 ns(1), Instance /tb_dtmf_top/uut/maquina/ : Warning: NUMERIC_STD."/=": metavalue detected, returning TRUE
at 25812500 ns(1), Instance /tb_dtmf_top/uut/maquina/ : Warning: NUMERIC_STD."/=": metavalue detected, returning TRUE
at 25937500 ns(1), Instance /tb_dtmf_top/uut/maquina/ : Warning: NUMERIC_STD."/=": metavalue detected, returning TRUE
at 26062500 ns(1), Instance /tb_dtmf_top/uut/maquina/ : Warning: NUMERIC_STD."/=": metavalue detected, returning TRUE
at 26187500 ns(1), Instance /tb_dtmf_top/uut/maquina/ : Warning: NUMERIC_STD."/=": metavalue detected, returning TRUE
at 26312500 ns(1), Instance /tb_dtmf_top/uut/maquina/ : Warning: NUMERIC_STD."/=": metavalue detected, returning TRUE
at 26437500 ns(1), Instance /tb_dtmf_top/uut/maquina/ : Warning: NUMERIC_STD."/=": metavalue detected, returning TRUE
at 26562500 ns(1), Instance /tb_dtmf_top/uut/maquina/ : Warning: NUMERIC_STD."/=": metavalue detected, returning TRUE
at 26687500 ns(1), Instance /tb_dtmf_top/uut/maquina/ : Warning: NUMERIC_STD."/=": metavalue detected, returning TRUE
at 26812500 ns(1), Instance /tb_dtmf_top/uut/maquina/ : Warning: NUMERIC_STD."/=": metavalue detected, returning TRUE
at 26937500 ns(1), Instance /tb_dtmf_top/uut/maquina/ : Warning: NUMERIC_STD."/=": metavalue detected, returning TRUE
at 27062500 ns(1), Instance /tb_dtmf_top/uut/maquina/ : Warning: NUMERIC_STD."/=": metavalue detected, returning TRUE
at 27187500 ns(1), Instance /tb_dtmf_top/uut/maquina/ : Warning: NUMERIC_STD."/=": metavalue detected, returning TRUE
at 27312500 ns(1), Instance /tb_dtmf_top/uut/maquina/ : Warning: NUMERIC_STD."/=": metavalue detected, returning TRUE
at 27437500 ns(1), Instance /tb_dtmf_top/uut/maquina/ : Warning: NUMERIC_STD."/=": metavalue detected, returning TRUE
at 27562500 ns(1), Instance /tb_dtmf_top/uut/maquina/ : Warning: NUMERIC_STD."/=": metavalue detected, returning TRUE
at 27687500 ns(1), Instance /tb_dtmf_top/uut/maquina/ : Warning: NUMERIC_STD."/=": metavalue detected, returning TRUE
at 27812500 ns(1), Instance /tb_dtmf_top/uut/maquina/ : Warning: NUMERIC_STD."/=": metavalue detected, returning TRUE
at 27937500 ns(1), Instance /tb_dtmf_top/uut/maquina/ : Warning: NUMERIC_STD."/=": metavalue detected, returning TRUE
at 28062500 ns(1), Instance /tb_dtmf_top/uut/maquina/ : Warning: NUMERIC_STD."/=": metavalue detected, returning TRUE
at 28187500 ns(1), Instance /tb_dtmf_top/uut/maquina/ : Warning: NUMERIC_STD."/=": metavalue detected, returning TRUE
at 28312500 ns(1), Instance /tb_dtmf_top/uut/maquina/ : Warning: NUMERIC_STD."/=": metavalue detected, returning TRUE
at 28437500 ns(1), Instance /tb_dtmf_top/uut/maquina/ : Warning: NUMERIC_STD."/=": metavalue detected, returning TRUE
at 28562500 ns(1), Instance /tb_dtmf_top/uut/maquina/ : Warning: NUMERIC_STD."/=": metavalue detected, returning TRUE
at 28687500 ns(1), Instance /tb_dtmf_top/uut/maquina/ : Warning: NUMERIC_STD."/=": metavalue detected, returning TRUE
at 28812500 ns(1), Instance /tb_dtmf_top/uut/maquina/ : Warning: NUMERIC_STD."/=": metavalue detected, returning TRUE
at 28937500 ns(1), Instance /tb_dtmf_top/uut/maquina/ : Warning: NUMERIC_STD."/=": metavalue detected, returning TRUE
at 29062500 ns(1), Instance /tb_dtmf_top/uut/maquina/ : Warning: NUMERIC_STD."/=": metavalue detected, returning TRUE
at 29187500 ns(1), Instance /tb_dtmf_top/uut/maquina/ : Warning: NUMERIC_STD."/=": metavalue detected, returning TRUE
at 29312500 ns(1), Instance /tb_dtmf_top/uut/maquina/ : Warning: NUMERIC_STD."/=": metavalue detected, returning TRUE
at 29437500 ns(1), Instance /tb_dtmf_top/uut/maquina/ : Warning: NUMERIC_STD."/=": metavalue detected, returning TRUE
at 29562500 ns(1), Instance /tb_dtmf_top/uut/maquina/ : Warning: NUMERIC_STD."/=": metavalue detected, returning TRUE
at 29687500 ns(1), Instance /tb_dtmf_top/uut/maquina/ : Warning: NUMERIC_STD."/=": metavalue detected, returning TRUE
at 29812500 ns(1), Instance /tb_dtmf_top/uut/maquina/ : Warning: NUMERIC_STD."/=": metavalue detected, returning TRUE
at 29937500 ns(1), Instance /tb_dtmf_top/uut/maquina/ : Warning: NUMERIC_STD."/=": metavalue detected, returning TRUE
at 30062500 ns(1), Instance /tb_dtmf_top/uut/maquina/ : Warning: NUMERIC_STD."/=": metavalue detected, returning TRUE
at 30187500 ns(1), Instance /tb_dtmf_top/uut/maquina/ : Warning: NUMERIC_STD."/=": metavalue detected, returning TRUE
at 30312500 ns(1), Instance /tb_dtmf_top/uut/maquina/ : Warning: NUMERIC_STD."/=": metavalue detected, returning TRUE
at 30437500 ns(1), Instance /tb_dtmf_top/uut/maquina/ : Warning: NUMERIC_STD."/=": metavalue detected, returning TRUE
at 30562500 ns(1), Instance /tb_dtmf_top/uut/maquina/ : Warning: NUMERIC_STD."/=": metavalue detected, returning TRUE
at 30687500 ns(1), Instance /tb_dtmf_top/uut/maquina/ : Warning: NUMERIC_STD."/=": metavalue detected, returning TRUE
